# JRE version: OpenJDK Runtime Environment (8.0_152-b02) (build 1.8.0_152-release-1024-b02)
# Java VM: OpenJDK 64-Bit Server VM (25.152-b02 mixed mode windows-amd64 compressed oops)
Heap:
 PSYoungGen      total 345088K, used 256572K [0x00000000e0c00000, 0x0000000100000000, 0x0000000100000000)
  eden space 222208K, 63% used [0x00000000e0c00000,0x00000000e9653978,0x00000000ee500000)
  from space 122880K, 93% used [0x00000000f6c80000,0x00000000fdcbb6d8,0x00000000fe480000)
  to   space 138752K, 0% used [0x00000000ee500000,0x00000000ee500000,0x00000000f6c80000)
 ParOldGen       total 214016K, used 124696K [0x00000000a2400000, 0x00000000af500000, 0x00000000e0c00000)
  object space 214016K, 58% used [0x00000000a2400000,0x00000000a9dc6298,0x00000000af500000)
 Metaspace       used 92596K, capacity 98816K, committed 99328K, reserved 1136640K
  class space    used 11634K, capacity 12682K, committed 12800K, reserved 1048576K
GC Heap History (10 events):
Event: 9311.713 GC heap before
{Heap before GC invocations=57 (full 5):
 PSYoungGen      total 220672K, used 143872K [0x00000000e0c00000, 0x00000000f7280000, 0x0000000100000000)
  eden space 143872K, 100% used [0x00000000e0c00000,0x00000000e9880000,0x00000000e9880000)
  from space 76800K, 0% used [0x00000000e9880000,0x00000000e9880000,0x00000000ee380000)
  to   space 97280K, 0% used [0x00000000f1380000,0x00000000f1380000,0x00000000f7280000)
 ParOldGen       total 214016K, used 124664K [0x00000000a2400000, 0x00000000af500000, 0x00000000e0c00000)
  object space 214016K, 58% used [0x00000000a2400000,0x00000000a9dbe298,0x00000000af500000)
 Metaspace       used 91637K, capacity 97544K, committed 98432K, reserved 1134592K
  class space    used 11511K, capacity 12508K, committed 12672K, reserved 1048576K
Event: 9311.835 GC heap after
Heap after GC invocations=57 (full 5):
 PSYoungGen      total 261632K, used 41705K [0x00000000e0c00000, 0x00000000f6980000, 0x0000000100000000)
  eden space 173568K, 0% used [0x00000000e0c00000,0x00000000e0c00000,0x00000000eb580000)
  from space 88064K, 47% used [0x00000000f1380000,0x00000000f3c3a4a0,0x00000000f6980000)
  to   space 92160K, 0% used [0x00000000eb580000,0x00000000eb580000,0x00000000f0f80000)
 ParOldGen       total 214016K, used 124672K [0x00000000a2400000, 0x00000000af500000, 0x00000000e0c00000)
  object space 214016K, 58% used [0x00000000a2400000,0x00000000a9dc0298,0x00000000af500000)
 Metaspace       used 91637K, capacity 97544K, committed 98432K, reserved 1134592K
  class space    used 11511K, capacity 12508K, committed 12672K, reserved 1048576K
}
Event: 9312.407 GC heap before
{Heap before GC invocations=58 (full 5):
 PSYoungGen      total 261632K, used 215273K [0x00000000e0c00000, 0x00000000f6980000, 0x0000000100000000)
  eden space 173568K, 100% used [0x00000000e0c00000,0x00000000eb580000,0x00000000eb580000)
  from space 88064K, 47% used [0x00000000f1380000,0x00000000f3c3a4a0,0x00000000f6980000)
  to   space 92160K, 0% used [0x00000000eb580000,0x00000000eb580000,0x00000000f0f80000)
 ParOldGen       total 214016K, used 124672K [0x00000000a2400000, 0x00000000af500000, 0x00000000e0c00000)
  object space 214016K, 58% used [0x00000000a2400000,0x00000000a9dc0298,0x00000000af500000)
 Metaspace       used 91692K, capacity 97574K, committed 98432K, reserved 1134592K
  class space    used 11517K, capacity 12513K, committed 12672K, reserved 1048576K
Event: 9312.489 GC heap after
Heap after GC invocations=58 (full 5):
 PSYoungGen      total 265728K, used 84520K [0x00000000e0c00000, 0x00000000fa200000, 0x0000000100000000)
  eden space 173568K, 0% used [0x00000000e0c00000,0x00000000e0c00000,0x00000000eb580000)
  from space 92160K, 91% used [0x00000000eb580000,0x00000000f080a198,0x00000000f0f80000)
  to   space 103424K, 0% used [0x00000000f3d00000,0x00000000f3d00000,0x00000000fa200000)
 ParOldGen       total 214016K, used 124680K [0x00000000a2400000, 0x00000000af500000, 0x00000000e0c00000)
  object space 214016K, 58% used [0x00000000a2400000,0x00000000a9dc2298,0x00000000af500000)
 Metaspace       used 91692K, capacity 97574K, committed 98432K, reserved 1134592K
  class space    used 11517K, capacity 12513K, committed 12672K, reserved 1048576K
}
Event: 9313.699 GC heap before
{Heap before GC invocations=59 (full 5):
 PSYoungGen      total 265728K, used 258088K [0x00000000e0c00000, 0x00000000fa200000, 0x0000000100000000)
  eden space 173568K, 100% used [0x00000000e0c00000,0x00000000eb580000,0x00000000eb580000)
  from space 92160K, 91% used [0x00000000eb580000,0x00000000f080a198,0x00000000f0f80000)
  to   space 103424K, 0% used [0x00000000f3d00000,0x00000000f3d00000,0x00000000fa200000)
 ParOldGen       total 214016K, used 124680K [0x00000000a2400000, 0x00000000af500000, 0x00000000e0c00000)
  object space 214016K, 58% used [0x00000000a2400000,0x00000000a9dc2298,0x00000000af500000)
 Metaspace       used 92400K, capacity 98568K, committed 99072K, reserved 1136640K
  class space    used 11619K, capacity 12670K, committed 12800K, reserved 1048576K
Event: 9313.805 GC heap after
Heap after GC invocations=59 (full 5):
 PSYoungGen      total 300544K, used 92195K [0x00000000e0c00000, 0x00000000fb900000, 0x0000000100000000)
  eden space 197120K, 0% used [0x00000000e0c00000,0x00000000e0c00000,0x00000000ecc80000)
  from space 103424K, 89% used [0x00000000f3d00000,0x00000000f9708e50,0x00000000fa200000)
  to   space 115200K, 0% used [0x00000000ecc80000,0x00000000ecc80000,0x00000000f3d00000)
 ParOldGen       total 214016K, used 124688K [0x00000000a2400000, 0x00000000af500000, 0x00000000e0c00000)
  object space 214016K, 58% used [0x00000000a2400000,0x00000000a9dc4298,0x00000000af500000)
 Metaspace       used 92400K, capacity 98568K, committed 99072K, reserved 1136640K
  class space    used 11619K, capacity 12670K, committed 12800K, reserved 1048576K
}
Event: 9313.898 GC heap before
{Heap before GC invocations=60 (full 5):
 PSYoungGen      total 300544K, used 289315K [0x00000000e0c00000, 0x00000000fb900000, 0x0000000100000000)
  eden space 197120K, 100% used [0x00000000e0c00000,0x00000000ecc80000,0x00000000ecc80000)
  from space 103424K, 89% used [0x00000000f3d00000,0x00000000f9708e50,0x00000000fa200000)
  to   space 115200K, 0% used [0x00000000ecc80000,0x00000000ecc80000,0x00000000f3d00000)
 ParOldGen       total 214016K, used 124688K [0x00000000a2400000, 0x00000000af500000, 0x00000000e0c00000)
  object space 214016K, 58% used [0x00000000a2400000,0x00000000a9dc4298,0x00000000af500000)
 Metaspace       used 92400K, capacity 98568K, committed 99072K, reserved 1136640K
  class space    used 11619K, capacity 12670K, committed 12800K, reserved 1048576K
Event: 9314.010 GC heap after
Heap after GC invocations=60 (full 5):
 PSYoungGen      total 312320K, used 87313K [0x00000000e0c00000, 0x00000000fe480000, 0x0000000100000000)
  eden space 197120K, 0% used [0x00000000e0c00000,0x00000000e0c00000,0x00000000ecc80000)
  from space 115200K, 75% used [0x00000000ecc80000,0x00000000f21c4610,0x00000000f3d00000)
  to   space 122880K, 0% used [0x00000000f6c80000,0x00000000f6c80000,0x00000000fe480000)
 ParOldGen       total 214016K, used 124688K [0x00000000a2400000, 0x00000000af500000, 0x00000000e0c00000)
  object space 214016K, 58% used [0x00000000a2400000,0x00000000a9dc4298,0x00000000af500000)
 Metaspace       used 92400K, capacity 98568K, committed 99072K, reserved 1136640K
  class space    used 11619K, capacity 12670K, committed 12800K, reserved 1048576K
}
Event: 9314.517 GC heap before
{Heap before GC invocations=61 (full 5):
 PSYoungGen      total 312320K, used 284433K [0x00000000e0c00000, 0x00000000fe480000, 0x0000000100000000)
  eden space 197120K, 100% used [0x00000000e0c00000,0x00000000ecc80000,0x00000000ecc80000)
  from space 115200K, 75% used [0x00000000ecc80000,0x00000000f21c4610,0x00000000f3d00000)
  to   space 122880K, 0% used [0x00000000f6c80000,0x00000000f6c80000,0x00000000fe480000)
 ParOldGen       total 214016K, used 124688K [0x00000000a2400000, 0x00000000af500000, 0x00000000e0c00000)
  object space 214016K, 58% used [0x00000000a2400000,0x00000000a9dc4298,0x00000000af500000)
 Metaspace       used 92444K, capacity 98614K, committed 99072K, reserved 1136640K
  class space    used 11628K, capacity 12681K, committed 12800K, reserved 1048576K
Event: 9314.580 GC heap after
Heap after GC invocations=61 (full 5):
 PSYoungGen      total 345088K, used 114925K [0x00000000e0c00000, 0x0000000100000000, 0x0000000100000000)
  eden space 222208K, 0% used [0x00000000e0c00000,0x00000000e0c00000,0x00000000ee500000)
  from space 122880K, 93% used [0x00000000f6c80000,0x00000000fdcbb6d8,0x00000000fe480000)
  to   space 138752K, 0% used [0x00000000ee500000,0x00000000ee500000,0x00000000f6c80000)
 ParOldGen       total 214016K, used 124696K [0x00000000a2400000, 0x00000000af500000, 0x00000000e0c00000)
  object space 214016K, 58% used [0x00000000a2400000,0x00000000a9dc6298,0x00000000af500000)
 Metaspace       used 92444K, capacity 98614K, committed 99072K, reserved 1136640K
  class space    used 11628K, capacity 12681K, committed 12800K, reserved 1048576K
}

